[2016-11-28 11:05:17,631] INFO - # INICIO DO PROCESSAMENTO
[2016-11-28 11:05:17,639] INFO - ****************************************
[2016-11-28 11:05:17,640] INFO - ****************************************
[2016-11-28 11:05:17,641] INFO - 
[2016-11-28 11:05:17,642] INFO - # INÍCIO - RECUPERANDO CONFIGURAÇÕES DE FILA
[2016-11-28 11:05:17,642] INFO - # FIM - RECUPERANDO CONFIGURAÇÕES DE FILA
[2016-11-28 11:05:17,643] INFO - # INÍCIO - CONSUMINDO MENSAGEM
[2016-11-28 11:08:40,238] INFO - # INICIO DO PROCESSAMENTO
[2016-11-28 11:08:40,248] INFO - ****************************************
[2016-11-28 11:08:40,249] INFO - ****************************************
[2016-11-28 11:08:40,250] INFO - 
[2016-11-28 11:08:40,250] INFO - # INÍCIO - RECUPERANDO CONFIGURAÇÕES DE FILA
[2016-11-28 11:08:40,251] INFO - # FIM - RECUPERANDO CONFIGURAÇÕES DE FILA
[2016-11-28 11:08:40,251] INFO - # INÍCIO - CONSUMINDO MENSAGEM
[2016-11-28 11:11:09,396] INFO - # INICIO DO PROCESSAMENTO
[2016-11-28 11:11:09,404] INFO - ****************************************
[2016-11-28 11:11:09,405] INFO - ****************************************
[2016-11-28 11:11:09,406] INFO - 
[2016-11-28 11:11:09,406] INFO - # INÍCIO - RECUPERANDO CONFIGURAÇÕES DE FILA
[2016-11-28 11:11:09,406] INFO - # FIM - RECUPERANDO CONFIGURAÇÕES DE FILA
[2016-11-28 11:11:09,407] INFO - # INÍCIO - CONSUMINDO MENSAGEM
[2016-11-28 11:12:00,949] INFO - # INICIO DO PROCESSAMENTO
[2016-11-28 11:12:00,959] INFO - ****************************************
[2016-11-28 11:12:00,960] INFO - ****************************************
[2016-11-28 11:12:00,961] INFO - 
[2016-11-28 11:12:00,961] INFO - # INÍCIO - RECUPERANDO CONFIGURAÇÕES DE FILA
[2016-11-28 11:12:00,962] INFO - # FIM - RECUPERANDO CONFIGURAÇÕES DE FILA
[2016-11-28 11:12:00,962] INFO - # INÍCIO - CONSUMINDO MENSAGEM
[2016-11-28 11:15:18,963] INFO - # INICIO DO PROCESSAMENTO
[2016-11-28 11:15:18,974] INFO - ****************************************
[2016-11-28 11:15:18,976] INFO - ****************************************
[2016-11-28 11:15:18,977] INFO - 
[2016-11-28 11:15:18,978] INFO - # INÍCIO - RECUPERANDO CONFIGURAÇÕES DE FILA
[2016-11-28 11:15:18,979] INFO - # FIM - RECUPERANDO CONFIGURAÇÕES DE FILA
[2016-11-28 11:15:18,979] INFO - # INÍCIO - CONSUMINDO MENSAGEM
[2016-11-28 11:16:23,161] INFO - # INICIO DO PROCESSAMENTO
[2016-11-28 11:16:23,173] INFO - ****************************************
[2016-11-28 11:16:23,174] INFO - ****************************************
[2016-11-28 11:16:23,174] INFO - 
[2016-11-28 11:16:23,175] INFO - # INÍCIO - RECUPERANDO CONFIGURAÇÕES DE FILA
[2016-11-28 11:16:23,175] INFO - # FIM - RECUPERANDO CONFIGURAÇÕES DE FILA
[2016-11-28 11:16:23,176] INFO - # INÍCIO - CONSUMINDO MENSAGEM
[2016-11-28 11:16:32,083] INFO - 
[2016-11-28 11:16:32,083] INFO - # FIM - CONSUMINDO MENSAGEM
[2016-11-28 11:16:32,083] INFO - 
[2016-11-28 11:16:32,083] INFO - ****************************************
[2016-11-28 11:16:32,083] INFO - ****************************************
[2016-11-28 11:16:32,083] INFO - # FIM DO PROCESSAMENTO
[2016-11-28 11:16:32,083] INFO - 
[2016-11-28 11:16:32,083] INFO - 
[2016-11-28 20:08:04,429] INFO - # INICIO DO PROCESSAMENTO
[2016-11-28 20:08:04,458] INFO - ****************************************
[2016-11-28 20:08:04,459] INFO - ****************************************
[2016-11-28 20:08:04,459] INFO - 
[2016-11-28 20:08:04,460] INFO - # INÍCIO - RECUPERANDO CONFIGURAÇÕES DE FILA
[2016-11-28 20:08:04,460] INFO - # FIM - RECUPERANDO CONFIGURAÇÕES DE FILA
[2016-11-28 20:08:04,460] INFO - # INÍCIO - ENCAMINHANDO PEDIDO A CENTRAL
